# JRE version: 7.0_11-b21
# Java VM: Java HotSpot(TM) 64-Bit Server VM (23.6-b04 mixed mode bsd-amd64 compressed oops)
Heap
 def new generation   total 83520K, used 19027K [0x00000007e9e00000, 0x00000007ef8a0000, 0x00000007ef8a0000)
  eden space 74240K,  24% used [0x00000007e9e00000, 0x00000007eaff3048, 0x00000007ee680000)
  from space 9280K,   6% used [0x00000007eef90000, 0x00000007ef031cf8, 0x00000007ef8a0000)
  to   space 9280K,   0% used [0x00000007ee680000, 0x00000007ee680000, 0x00000007eef90000)
 tenured generation   total 185728K, used 32547K [0x00000007ef8a0000, 0x00000007fae00000, 0x00000007fae00000)
   the space 185728K,  17% used [0x00000007ef8a0000, 0x00000007f1868d38, 0x00000007f1868e00, 0x00000007fae00000)
 compacting perm gen  total 21248K, used 15538K [0x00000007fae00000, 0x00000007fc2c0000, 0x0000000800000000)
   the space 21248K,  73% used [0x00000007fae00000, 0x00000007fbd2c978, 0x00000007fbd2ca00, 0x00000007fc2c0000)
GC Heap History (10 events):
Event: 36.621 GC heap before
{Heap before GC invocations=46 (full 11):
 def new generation   total 83520K, used 76592K [0x00000007e9e00000, 0x00000007ef8a0000, 0x00000007ef8a0000)
  eden space 74240K, 100% used [0x00000007e9e00000, 0x00000007ee680000, 0x00000007ee680000)
  from space 9280K,  25% used [0x00000007ee680000, 0x00000007ee8cc210, 0x00000007eef90000)
  to   space 9280K,   0% used [0x00000007eef90000, 0x00000007eef90000, 0x00000007ef8a0000)
 tenured generation   total 185728K, used 32547K [0x00000007ef8a0000, 0x00000007fae00000, 0x00000007fae00000)
   the space 185728K,  17% used [0x00000007ef8a0000, 0x00000007f1868d38, 0x00000007f1868e00, 0x00000007fae00000)
 compacting perm gen  total 21248K, used 15373K [0x00000007fae00000, 0x00000007fc2c0000, 0x0000000800000000)
   the space 21248K,  72% used [0x00000007fae00000, 0x00000007fbd036b0, 0x00000007fbd03800, 0x00000007fc2c0000)
No shared spaces configured.
Event: 36.624 GC heap after
Heap after GC invocations=47 (full 11):
 def new generation   total 83520K, used 2415K [0x00000007e9e00000, 0x00000007ef8a0000, 0x00000007ef8a0000)
  eden space 74240K,   0% used [0x00000007e9e00000, 0x00000007e9e00000, 0x00000007ee680000)
  from space 9280K,  26% used [0x00000007eef90000, 0x00000007ef1ebd18, 0x00000007ef8a0000)
  to   space 9280K,   0% used [0x00000007ee680000, 0x00000007ee680000, 0x00000007eef90000)
 tenured generation   total 185728K, used 32547K [0x00000007ef8a0000, 0x00000007fae00000, 0x00000007fae00000)
   the space 185728K,  17% used [0x00000007ef8a0000, 0x00000007f1868d38, 0x00000007f1868e00, 0x00000007fae00000)
 compacting perm gen  total 21248K, used 15373K [0x00000007fae00000, 0x00000007fc2c0000, 0x0000000800000000)
   the space 21248K,  72% used [0x00000007fae00000, 0x00000007fbd036b0, 0x00000007fbd03800, 0x00000007fc2c0000)
No shared spaces configured.
}
Event: 36.882 GC heap before
{Heap before GC invocations=47 (full 11):
 def new generation   total 83520K, used 76655K [0x00000007e9e00000, 0x00000007ef8a0000, 0x00000007ef8a0000)
  eden space 74240K, 100% used [0x00000007e9e00000, 0x00000007ee680000, 0x00000007ee680000)
  from space 9280K,  26% used [0x00000007eef90000, 0x00000007ef1ebd18, 0x00000007ef8a0000)
  to   space 9280K,   0% used [0x00000007ee680000, 0x00000007ee680000, 0x00000007eef90000)
 tenured generation   total 185728K, used 32547K [0x00000007ef8a0000, 0x00000007fae00000, 0x00000007fae00000)
   the space 185728K,  17% used [0x00000007ef8a0000, 0x00000007f1868d38, 0x00000007f1868e00, 0x00000007fae00000)
 compacting perm gen  total 21248K, used 15374K [0x00000007fae00000, 0x00000007fc2c0000, 0x0000000800000000)
   the space 21248K,  72% used [0x00000007fae00000, 0x00000007fbd038f0, 0x00000007fbd03a00, 0x00000007fc2c0000)
No shared spaces configured.
Event: 36.884 GC heap after
Heap after GC invocations=48 (full 11):
 def new generation   total 83520K, used 2478K [0x00000007e9e00000, 0x00000007ef8a0000, 0x00000007ef8a0000)
  eden space 74240K,   0% used [0x00000007e9e00000, 0x00000007e9e00000, 0x00000007ee680000)
  from space 9280K,  26% used [0x00000007ee680000, 0x00000007ee8eba50, 0x00000007eef90000)
  to   space 9280K,   0% used [0x00000007eef90000, 0x00000007eef90000, 0x00000007ef8a0000)
 tenured generation   total 185728K, used 32547K [0x00000007ef8a0000, 0x00000007fae00000, 0x00000007fae00000)
   the space 185728K,  17% used [0x00000007ef8a0000, 0x00000007f1868d38, 0x00000007f1868e00, 0x00000007fae00000)
 compacting perm gen  total 21248K, used 15374K [0x00000007fae00000, 0x00000007fc2c0000, 0x0000000800000000)
   the space 21248K,  72% used [0x00000007fae00000, 0x00000007fbd038f0, 0x00000007fbd03a00, 0x00000007fc2c0000)
No shared spaces configured.
}
Event: 37.113 GC heap before
{Heap before GC invocations=48 (full 11):
 def new generation   total 83520K, used 76718K [0x00000007e9e00000, 0x00000007ef8a0000, 0x00000007ef8a0000)
  eden space 74240K, 100% used [0x00000007e9e00000, 0x00000007ee680000, 0x00000007ee680000)
  from space 9280K,  26% used [0x00000007ee680000, 0x00000007ee8eba50, 0x00000007eef90000)
  to   space 9280K,   0% used [0x00000007eef90000, 0x00000007eef90000, 0x00000007ef8a0000)
 tenured generation   total 185728K, used 32547K [0x00000007ef8a0000, 0x00000007fae00000, 0x00000007fae00000)
   the space 185728K,  17% used [0x00000007ef8a0000, 0x00000007f1868d38, 0x00000007f1868e00, 0x00000007fae00000)
 compacting perm gen  total 21248K, used 15375K [0x00000007fae00000, 0x00000007fc2c0000, 0x0000000800000000)
   the space 21248K,  72% used [0x00000007fae00000, 0x00000007fbd03e60, 0x00000007fbd04000, 0x00000007fc2c0000)
No shared spaces configured.
Event: 37.115 GC heap after
Heap after GC invocations=49 (full 11):
 def new generation   total 83520K, used 1502K [0x00000007e9e00000, 0x00000007ef8a0000, 0x00000007ef8a0000)
  eden space 74240K,   0% used [0x00000007e9e00000, 0x00000007e9e00000, 0x00000007ee680000)
  from space 9280K,  16% used [0x00000007eef90000, 0x00000007ef107aa0, 0x00000007ef8a0000)
  to   space 9280K,   0% used [0x00000007ee680000, 0x00000007ee680000, 0x00000007eef90000)
 tenured generation   total 185728K, used 32547K [0x00000007ef8a0000, 0x00000007fae00000, 0x00000007fae00000)
   the space 185728K,  17% used [0x00000007ef8a0000, 0x00000007f1868d38, 0x00000007f1868e00, 0x00000007fae00000)
 compacting perm gen  total 21248K, used 15375K [0x00000007fae00000, 0x00000007fc2c0000, 0x0000000800000000)
   the space 21248K,  72% used [0x00000007fae00000, 0x00000007fbd03e60, 0x00000007fbd04000, 0x00000007fc2c0000)
No shared spaces configured.
}
Event: 37.334 GC heap before
{Heap before GC invocations=49 (full 11):
 def new generation   total 83520K, used 75742K [0x00000007e9e00000, 0x00000007ef8a0000, 0x00000007ef8a0000)
  eden space 74240K, 100% used [0x00000007e9e00000, 0x00000007ee680000, 0x00000007ee680000)
  from space 9280K,  16% used [0x00000007eef90000, 0x00000007ef107aa0, 0x00000007ef8a0000)
  to   space 9280K,   0% used [0x00000007ee680000, 0x00000007ee680000, 0x00000007eef90000)
 tenured generation   total 185728K, used 32547K [0x00000007ef8a0000, 0x00000007fae00000, 0x00000007fae00000)
   the space 185728K,  17% used [0x00000007ef8a0000, 0x00000007f1868d38, 0x00000007f1868e00, 0x00000007fae00000)
 compacting perm gen  total 21248K, used 15376K [0x00000007fae00000, 0x00000007fc2c0000, 0x0000000800000000)
   the space 21248K,  72% used [0x00000007fae00000, 0x00000007fbd04128, 0x00000007fbd04200, 0x00000007fc2c0000)
No shared spaces configured.
Event: 37.337 GC heap after
Heap after GC invocations=50 (full 11):
 def new generation   total 83520K, used 2547K [0x00000007e9e00000, 0x00000007ef8a0000, 0x00000007ef8a0000)
  eden space 74240K,   0% used [0x00000007e9e00000, 0x00000007e9e00000, 0x00000007ee680000)
  from space 9280K,  27% used [0x00000007ee680000, 0x00000007ee8fcd50, 0x00000007eef90000)
  to   space 9280K,   0% used [0x00000007eef90000, 0x00000007eef90000, 0x00000007ef8a0000)
 tenured generation   total 185728K, used 32547K [0x00000007ef8a0000, 0x00000007fae00000, 0x00000007fae00000)
   the space 185728K,  17% used [0x00000007ef8a0000, 0x00000007f1868d38, 0x00000007f1868e00, 0x00000007fae00000)
 compacting perm gen  total 21248K, used 15376K [0x00000007fae00000, 0x00000007fc2c0000, 0x0000000800000000)
   the space 21248K,  72% used [0x00000007fae00000, 0x00000007fbd04128, 0x00000007fbd04200, 0x00000007fc2c0000)
No shared spaces configured.
}
Event: 47.417 GC heap before
{Heap before GC invocations=50 (full 11):
 def new generation   total 83520K, used 76787K [0x00000007e9e00000, 0x00000007ef8a0000, 0x00000007ef8a0000)
  eden space 74240K, 100% used [0x00000007e9e00000, 0x00000007ee680000, 0x00000007ee680000)
  from space 9280K,  27% used [0x00000007ee680000, 0x00000007ee8fcd50, 0x00000007eef90000)
  to   space 9280K,   0% used [0x00000007eef90000, 0x00000007eef90000, 0x00000007ef8a0000)
 tenured generation   total 185728K, used 32547K [0x00000007ef8a0000, 0x00000007fae00000, 0x00000007fae00000)
   the space 185728K,  17% used [0x00000007ef8a0000, 0x00000007f1868d38, 0x00000007f1868e00, 0x00000007fae00000)
 compacting perm gen  total 21248K, used 15468K [0x00000007fae00000, 0x00000007fc2c0000, 0x0000000800000000)
   the space 21248K,  72% used [0x00000007fae00000, 0x00000007fbd1b2a8, 0x00000007fbd1b400, 0x00000007fc2c0000)
No shared spaces configured.
Event: 47.420 GC heap after
Heap after GC invocations=51 (full 11):
 def new generation   total 83520K, used 647K [0x00000007e9e00000, 0x00000007ef8a0000, 0x00000007ef8a0000)
  eden space 74240K,   0% used [0x00000007e9e00000, 0x00000007e9e00000, 0x00000007ee680000)
  from space 9280K,   6% used [0x00000007eef90000, 0x00000007ef031cf8, 0x00000007ef8a0000)
  to   space 9280K,   0% used [0x00000007ee680000, 0x00000007ee680000, 0x00000007eef90000)
 tenured generation   total 185728K, used 32547K [0x00000007ef8a0000, 0x00000007fae00000, 0x00000007fae00000)
   the space 185728K,  17% used [0x00000007ef8a0000, 0x00000007f1868d38, 0x00000007f1868e00, 0x00000007fae00000)
 compacting perm gen  total 21248K, used 15468K [0x00000007fae00000, 0x00000007fc2c0000, 0x0000000800000000)
   the space 21248K,  72% used [0x00000007fae00000, 0x00000007fbd1b2a8, 0x00000007fbd1b400, 0x00000007fc2c0000)
No shared spaces configured.
}

