# JRE version: 7.0_11-b21
# Java VM: Java HotSpot(TM) 64-Bit Server VM (23.6-b04 mixed mode bsd-amd64 compressed oops)
Heap
 def new generation   total 30528K, used 19833K [0x00000007ebc00000, 0x00000007edd20000, 0x00000007f0ca0000)
  eden space 27136K,  72% used [0x00000007ebc00000, 0x00000007ecf1c768, 0x00000007ed680000)
  from space 3392K,   7% used [0x00000007ed680000, 0x00000007ed6c1d88, 0x00000007ed9d0000)
  to   space 3392K,   0% used [0x00000007ed9d0000, 0x00000007ed9d0000, 0x00000007edd20000)
 tenured generation   total 67724K, used 62953K [0x00000007f0ca0000, 0x00000007f4ec3000, 0x00000007fae00000)
   the space 67724K,  92% used [0x00000007f0ca0000, 0x00000007f4a1a6a0, 0x00000007f4a1a800, 0x00000007f4ec3000)
 compacting perm gen  total 21248K, used 15424K [0x00000007fae00000, 0x00000007fc2c0000, 0x0000000800000000)
   the space 21248K,  72% used [0x00000007fae00000, 0x00000007fbd10328, 0x00000007fbd10400, 0x00000007fc2c0000)
GC Heap History (10 events):
Event: 7.377 GC heap before
{Heap before GC invocations=31 (full 8):
 def new generation   total 30528K, used 29360K [0x00000007ebc00000, 0x00000007edd20000, 0x00000007f0ca0000)
  eden space 27136K, 100% used [0x00000007ebc00000, 0x00000007ed680000, 0x00000007ed680000)
  from space 3392K,  65% used [0x00000007ed9d0000, 0x00000007edbfc0f0, 0x00000007edd20000)
  to   space 3392K,   0% used [0x00000007ed680000, 0x00000007ed680000, 0x00000007ed9d0000)
 tenured generation   total 67724K, used 62825K [0x00000007f0ca0000, 0x00000007f4ec3000, 0x00000007fae00000)
   the space 67724K,  92% used [0x00000007f0ca0000, 0x00000007f49fa730, 0x00000007f49fa800, 0x00000007f4ec3000)
 compacting perm gen  total 21248K, used 14922K [0x00000007fae00000, 0x00000007fc2c0000, 0x0000000800000000)
   the space 21248K,  70% used [0x00000007fae00000, 0x00000007fbc92948, 0x00000007fbc92a00, 0x00000007fc2c0000)
No shared spaces configured.
Event: 7.379 GC heap after
Heap after GC invocations=32 (full 8):
 def new generation   total 30528K, used 2131K [0x00000007ebc00000, 0x00000007edd20000, 0x00000007f0ca0000)
  eden space 27136K,   0% used [0x00000007ebc00000, 0x00000007ebc00000, 0x00000007ed680000)
  from space 3392K,  62% used [0x00000007ed680000, 0x00000007ed894e38, 0x00000007ed9d0000)
  to   space 3392K,   0% used [0x00000007ed9d0000, 0x00000007ed9d0000, 0x00000007edd20000)
 tenured generation   total 67724K, used 62873K [0x00000007f0ca0000, 0x00000007f4ec3000, 0x00000007fae00000)
   the space 67724K,  92% used [0x00000007f0ca0000, 0x00000007f4a06680, 0x00000007f4a06800, 0x00000007f4ec3000)
 compacting perm gen  total 21248K, used 14922K [0x00000007fae00000, 0x00000007fc2c0000, 0x0000000800000000)
   the space 21248K,  70% used [0x00000007fae00000, 0x00000007fbc92948, 0x00000007fbc92a00, 0x00000007fc2c0000)
No shared spaces configured.
}
Event: 7.484 GC heap before
{Heap before GC invocations=32 (full 8):
 def new generation   total 30528K, used 29267K [0x00000007ebc00000, 0x00000007edd20000, 0x00000007f0ca0000)
  eden space 27136K, 100% used [0x00000007ebc00000, 0x00000007ed680000, 0x00000007ed680000)
  from space 3392K,  62% used [0x00000007ed680000, 0x00000007ed894e38, 0x00000007ed9d0000)
  to   space 3392K,   0% used [0x00000007ed9d0000, 0x00000007ed9d0000, 0x00000007edd20000)
 tenured generation   total 67724K, used 62873K [0x00000007f0ca0000, 0x00000007f4ec3000, 0x00000007fae00000)
   the space 67724K,  92% used [0x00000007f0ca0000, 0x00000007f4a06680, 0x00000007f4a06800, 0x00000007f4ec3000)
 compacting perm gen  total 21248K, used 14956K [0x00000007fae00000, 0x00000007fc2c0000, 0x0000000800000000)
   the space 21248K,  70% used [0x00000007fae00000, 0x00000007fbc9b0f8, 0x00000007fbc9b200, 0x00000007fc2c0000)
No shared spaces configured.
Event: 7.485 GC heap after
Heap after GC invocations=33 (full 8):
 def new generation   total 30528K, used 2207K [0x00000007ebc00000, 0x00000007edd20000, 0x00000007f0ca0000)
  eden space 27136K,   0% used [0x00000007ebc00000, 0x00000007ebc00000, 0x00000007ed680000)
  from space 3392K,  65% used [0x00000007ed9d0000, 0x00000007edbf7f50, 0x00000007edd20000)
  to   space 3392K,   0% used [0x00000007ed680000, 0x00000007ed680000, 0x00000007ed9d0000)
 tenured generation   total 67724K, used 62890K [0x00000007f0ca0000, 0x00000007f4ec3000, 0x00000007fae00000)
   the space 67724K,  92% used [0x00000007f0ca0000, 0x00000007f4a0a828, 0x00000007f4a0aa00, 0x00000007f4ec3000)
 compacting perm gen  total 21248K, used 14956K [0x00000007fae00000, 0x00000007fc2c0000, 0x0000000800000000)
   the space 21248K,  70% used [0x00000007fae00000, 0x00000007fbc9b0f8, 0x00000007fbc9b200, 0x00000007fc2c0000)
No shared spaces configured.
}
Event: 7.596 GC heap before
{Heap before GC invocations=33 (full 8):
 def new generation   total 30528K, used 29343K [0x00000007ebc00000, 0x00000007edd20000, 0x00000007f0ca0000)
  eden space 27136K, 100% used [0x00000007ebc00000, 0x00000007ed680000, 0x00000007ed680000)
  from space 3392K,  65% used [0x00000007ed9d0000, 0x00000007edbf7f50, 0x00000007edd20000)
  to   space 3392K,   0% used [0x00000007ed680000, 0x00000007ed680000, 0x00000007ed9d0000)
 tenured generation   total 67724K, used 62890K [0x00000007f0ca0000, 0x00000007f4ec3000, 0x00000007fae00000)
   the space 67724K,  92% used [0x00000007f0ca0000, 0x00000007f4a0a828, 0x00000007f4a0aa00, 0x00000007f4ec3000)
 compacting perm gen  total 21248K, used 14960K [0x00000007fae00000, 0x00000007fc2c0000, 0x0000000800000000)
   the space 21248K,  70% used [0x00000007fae00000, 0x00000007fbc9c348, 0x00000007fbc9c400, 0x00000007fc2c0000)
No shared spaces configured.
Event: 7.598 GC heap after
Heap after GC invocations=34 (full 8):
 def new generation   total 30528K, used 2131K [0x00000007ebc00000, 0x00000007edd20000, 0x00000007f0ca0000)
  eden space 27136K,   0% used [0x00000007ebc00000, 0x00000007ebc00000, 0x00000007ed680000)
  from space 3392K,  62% used [0x00000007ed680000, 0x00000007ed894cd0, 0x00000007ed9d0000)
  to   space 3392K,   0% used [0x00000007ed9d0000, 0x00000007ed9d0000, 0x00000007edd20000)
 tenured generation   total 67724K, used 62921K [0x00000007f0ca0000, 0x00000007f4ec3000, 0x00000007fae00000)
   the space 67724K,  92% used [0x00000007f0ca0000, 0x00000007f4a124d0, 0x00000007f4a12600, 0x00000007f4ec3000)
 compacting perm gen  total 21248K, used 14960K [0x00000007fae00000, 0x00000007fc2c0000, 0x0000000800000000)
   the space 21248K,  70% used [0x00000007fae00000, 0x00000007fbc9c348, 0x00000007fbc9c400, 0x00000007fc2c0000)
No shared spaces configured.
}
Event: 7.678 GC heap before
{Heap before GC invocations=34 (full 8):
 def new generation   total 30528K, used 29267K [0x00000007ebc00000, 0x00000007edd20000, 0x00000007f0ca0000)
  eden space 27136K, 100% used [0x00000007ebc00000, 0x00000007ed680000, 0x00000007ed680000)
  from space 3392K,  62% used [0x00000007ed680000, 0x00000007ed894cd0, 0x00000007ed9d0000)
  to   space 3392K,   0% used [0x00000007ed9d0000, 0x00000007ed9d0000, 0x00000007edd20000)
 tenured generation   total 67724K, used 62921K [0x00000007f0ca0000, 0x00000007f4ec3000, 0x00000007fae00000)
   the space 67724K,  92% used [0x00000007f0ca0000, 0x00000007f4a124d0, 0x00000007f4a12600, 0x00000007f4ec3000)
 compacting perm gen  total 21248K, used 14964K [0x00000007fae00000, 0x00000007fc2c0000, 0x0000000800000000)
   the space 21248K,  70% used [0x00000007fae00000, 0x00000007fbc9d230, 0x00000007fbc9d400, 0x00000007fc2c0000)
No shared spaces configured.
Event: 7.680 GC heap after
Heap after GC invocations=35 (full 8):
 def new generation   total 30528K, used 2131K [0x00000007ebc00000, 0x00000007edd20000, 0x00000007f0ca0000)
  eden space 27136K,   0% used [0x00000007ebc00000, 0x00000007ebc00000, 0x00000007ed680000)
  from space 3392K,  62% used [0x00000007ed9d0000, 0x00000007edbe4ea0, 0x00000007edd20000)
  to   space 3392K,   0% used [0x00000007ed680000, 0x00000007ed680000, 0x00000007ed9d0000)
 tenured generation   total 67724K, used 62937K [0x00000007f0ca0000, 0x00000007f4ec3000, 0x00000007fae00000)
   the space 67724K,  92% used [0x00000007f0ca0000, 0x00000007f4a16510, 0x00000007f4a16600, 0x00000007f4ec3000)
 compacting perm gen  total 21248K, used 14964K [0x00000007fae00000, 0x00000007fc2c0000, 0x0000000800000000)
   the space 21248K,  70% used [0x00000007fae00000, 0x00000007fbc9d230, 0x00000007fbc9d400, 0x00000007fc2c0000)
No shared spaces configured.
}
Event: 12.840 GC heap before
{Heap before GC invocations=35 (full 8):
 def new generation   total 30528K, used 29267K [0x00000007ebc00000, 0x00000007edd20000, 0x00000007f0ca0000)
  eden space 27136K, 100% used [0x00000007ebc00000, 0x00000007ed680000, 0x00000007ed680000)
  from space 3392K,  62% used [0x00000007ed9d0000, 0x00000007edbe4ea0, 0x00000007edd20000)
  to   space 3392K,   0% used [0x00000007ed680000, 0x00000007ed680000, 0x00000007ed9d0000)
 tenured generation   total 67724K, used 62937K [0x00000007f0ca0000, 0x00000007f4ec3000, 0x00000007fae00000)
   the space 67724K,  92% used [0x00000007f0ca0000, 0x00000007f4a16510, 0x00000007f4a16600, 0x00000007f4ec3000)
 compacting perm gen  total 21248K, used 15343K [0x00000007fae00000, 0x00000007fc2c0000, 0x0000000800000000)
   the space 21248K,  72% used [0x00000007fae00000, 0x00000007fbcfbe28, 0x00000007fbcfc000, 0x00000007fc2c0000)
No shared spaces configured.
Event: 12.842 GC heap after
Heap after GC invocations=36 (full 8):
 def new generation   total 30528K, used 263K [0x00000007ebc00000, 0x00000007edd20000, 0x00000007f0ca0000)
  eden space 27136K,   0% used [0x00000007ebc00000, 0x00000007ebc00000, 0x00000007ed680000)
  from space 3392K,   7% used [0x00000007ed680000, 0x00000007ed6c1d88, 0x00000007ed9d0000)
  to   space 3392K,   0% used [0x00000007ed9d0000, 0x00000007ed9d0000, 0x00000007edd20000)
 tenured generation   total 67724K, used 62953K [0x00000007f0ca0000, 0x00000007f4ec3000, 0x00000007fae00000)
   the space 67724K,  92% used [0x00000007f0ca0000, 0x00000007f4a1a6a0, 0x00000007f4a1a800, 0x00000007f4ec3000)
 compacting perm gen  total 21248K, used 15343K [0x00000007fae00000, 0x00000007fc2c0000, 0x0000000800000000)
   the space 21248K,  72% used [0x00000007fae00000, 0x00000007fbcfbe28, 0x00000007fbcfc000, 0x00000007fc2c0000)
No shared spaces configured.
}

